<?xml version="1.0" encoding="UTF-8" ?>
<testsuite errors="0" failures="0" hostname="DSC" name="mx.uach.ingenieria.ejercicio2.unit.FutbolUnitTest" skipped="0" tests="1" time="0.092" timestamp="2016-08-21T10:41:50">
  <properties>
    <property name="libs.jsp-compiler.javadoc" value="" />
    <property name="toolkit.home" value="C:/Java_ME_platform_SDK_8.1" />
    <property name="netbeans.autoupdate.country" value="MX" />
    <property name="runtime.internal.com.sun.midp.io.http.proxy" value="SYSTEM" />
    <property name="nb.wait.for.caches" value="true" />
    <property name="release.dir" value="8.1" />
    <property name="javac.test.classpath" value=":build/classes:C:\Program Files\NetBeans 8.0.1\platform\modules\ext\junit-4.10.jar" />
    <property name="libs.jsf20.maven-pom" value="" />
    <property name="libs.DataBindingME.src" value="C:\Program Files\NetBeans 8.0.1\mobility\sources\netbeans_databindingme-src.zip" />
    <property name="libs.j2me_ant_ext.javadoc" value="" />
    <property name="libs.junit.javadoc" value="C:\Program Files\NetBeans 8.0.1\java\docs\junit-3.8.2-api.zip" />
    <property name="libs.spring-webmvc4.0.src" value="" />
    <property name="libs.nokiaS80-ant-utils.javadoc" value="" />
    <property name="jsr120.sms.recommended.size" value="480" />
    <property name="ant.core.lib" value="C:\Users\Dani\AppData\Roaming\NetBeans\8.0.1\ant\lib\ant.jar" />
    <property name="libs.jakarta_slide_ant_webdav.javadoc" value="" />
    <property name="javadoc.windowtitle" value="" />
    <property name="swing.defaultlaf" value="com.sun.java.swing.plaf.windows.WindowsLookAndFeel" />
    <property name="libs.jsp-compilation.javadoc" value="" />
    <property name="product.shortname" value="Oracle Java(TM) ME SDK 8.1" />
    <property name="user.dir" value="C:\Users\Dani\Documents\Escuela\7to. Semestre\Dise単o de Software de Bajo Nivel\Ejercicio2" />
    <property name="libs.javaee-api-7.0.src" value="" />
    <property name="libs.JMUnit4CLDC10.javadoc" value="C:\Users\Dani\AppData\Roaming\NetBeans\8.0.1\modules\docs\jmunit-1.2.1-api.zip" />
    <property name="java.vm.version" value="25.5-b02" />
    <property name="libs.DataBindingME.classpath" value="C:\Program Files\NetBeans 8.0.1\mobility\modules\ext\netbeans_databindingme.jar" />
    <property name="libs.j2me_common_ant.src" value="" />
    <property name="libs.MySQLDriver.classpath" value="C:\Program Files\NetBeans 8.0.1\ide\modules\ext\mysql-connector-java-5.1.23-bin.jar" />
    <property name="libs.eclipselinkmodelgen.src" value="" />
    <property name="javadoc.notree" value="false" />
    <property name="emulator.connect.timeout" value="150000" />
    <property name="netbeans.autoupdate.version" value="1.23" />
    <property name="libs.EclipseLink-GlassFish-v3.classpath" value="C:\Program Files\glassfish-4.0\glassfish\modules\org.eclipse.persistence.antlr.jar;C:\Program Files\glassfish-4.0\glassfish\modules\org.eclipse.persistence.asm.jar;C:\Program Files\glassfish-4.0\glassfish\modules\org.eclipse.persistence.core.jar;C:\Program Files\glassfish-4.0\glassfish\modules\org.eclipse.persistence.dbws.jar;C:\Program Files\glassfish-4.0\glassfish\modules\org.eclipse.persistence.jpa.jar;C:\Program Files\glassfish-4.0\glassfish\modules\org.eclipse.persistence.jpa.jpql.jar;C:\Program Files\glassfish-4.0\glassfish\modules\org.eclipse.persistence.jpa.modelgen.processor.jar;C:\Program Files\glassfish-4.0\glassfish\modules\org.eclipse.persistence.moxy.jar;C:\Program Files\glassfish-4.0\glassfish\modules\org.eclipse.persistence.oracle.jar;C:\Program Files\glassfish-4.0\glassfish\modules\javax.persistence.jar" />
    <property name="libs.javaee-web-api-6.0.classpath" value="C:\Program Files\NetBeans 8.0.1\enterprise\modules\ext\javaee-web-api-6.0.jar" />
    <property name="libs.DataBindingME-PIM.maven-pom" value="" />
    <property name="libs.Java-EE-GlassFish-v3-Prelude.javadoc" value="C:\Program Files\NetBeans 8.0.1\enterprise\docs\javaee-doc-api.jar" />
    <property name="javac.profile.cmd.line.arg" value="" />
    <property name="jdk.home" value="C:\Program Files\Java\jdk1.8.0_05" />
    <property name="libs.javac-api.src" value="" />
    <property name="javadoc.noindex" value="false" />
    <property name="libs.jpa2-persistence.classpath" value="C:\Program Files\NetBeans 8.0.1\java\modules\ext\hibernate4\hibernate-jpa-2.1-api-1.0.0.Final.jar" />
    <property name="sun.os.patch.level" value="" />
    <property name="libs.Java-EE-GlassFish-v3-Prelude.src" value="" />
    <property name="do.archive+manifest.available" value="true" />
    <property name="java.vm.specification.name" value="Java Virtual Machine Specification" />
    <property name="libs.semc-ant-utils.classpath" value="C:\Users\Dani\AppData\Roaming\NetBeans\8.0.1\modules\ext\org-netbeans-modules-j2me-cdc-project-semc.jar" />
    <property name="nb.show.statistics.ui" value="usageStatisticsEnabled" />
    <property name="netbeans.autoupdate.variant" value="" />
    <property name="have.tests" value="true" />
    <property name="libs.nokiaS80-ant-utils.maven-pom" value="" />
    <property name="org.xml.sax.driver" value="com.sun.org.apache.xerces.internal.jaxp.SAXParserImpl$JAXPSAXParser" />
    <property name="libs.javac-api.javadoc" value="" />
    <property name="os.name" value="Windows 8.1" />
    <property name="libs.beans-binding.classpath" value="C:\Program Files\NetBeans 8.0.1\java\modules\ext\beansbinding-1.2.1.jar" />
    <property name="libs.javaee-endorsed-api-7.0.maven-pom" value="" />
    <property name="ap.proc.none.internal" value="" />
    <property name="libs.DataBindingME-SVG.javadoc" value="C:\Program Files\NetBeans 8.0.1\mobility\modules\docs\netbeans_databindingme_svg-api.zip" />
    <property name="libs.restapi.javadoc" value="" />
    <property name="libs.JWSAntTasks.maven-pom" value="" />
    <property name="libs.jstl.classpath" value="C:\Program Files\NetBeans 8.0.1\enterprise\modules\ext\jstl-impl.jar;C:\Program Files\NetBeans 8.0.1\enterprise\modules\ext\jstl-api.jar" />
    <property name="libs.testng.src" value="" />
    <property name="libs.ojec-ant-utils.src" value="" />
    <property name="libs.spring-webmvc3.0.src" value="" />
    <property name="libs.restapi.classpath" value="C:\Program Files\NetBeans 8.0.1\enterprise\modules\ext\jaxrs-2.0\javax.ws.rs-api-2.0.jar" />
    <property name="java.vendor.url.bug" value="http://bugreport.sun.com/bugreport/" />
    <property name="libs.jaxb.maven-pom" value="" />
    <property name="os.arch" value="amd64" />
    <property name="libs.eclipselink.src" value="" />
    <property name="user.name" value="Dani" />
    <property name="libs.jsf12.javadoc" value="C:\Program Files\NetBeans 8.0.1\enterprise\docs\javaee-doc-api.jar" />
    <property name="copylibs.rebase" value="true" />
    <property name="jsr120.mms.maximum.size" value="1048576" />
    <property name="libs.j2me_common_ant.maven-pom" value="" />
    <property name="libs.spring-webmvc3.0.maven-pom" value="" />
    <property name="libs.swing-layout.maven-pom" value="" />
    <property name="sun.java.command" value="org.apache.tools.ant.taskdefs.optional.junit.JUnitTestRunner mx.uach.ingenieria.ejercicio2.unit.FutbolUnitTest skipNonTests=false filtertrace=true haltOnError=false haltOnFailure=false showoutput=true outputtoformatters=true logfailedtests=true threadid=0 logtestlistenerevents=true formatter=org.apache.tools.ant.taskdefs.optional.junit.BriefJUnitResultFormatter formatter=org.apache.tools.ant.taskdefs.optional.junit.XMLJUnitResultFormatter,C:\Users\Dani\Documents\Escuela\7to. Semestre\Dise単o de Software de Bajo Nivel\Ejercicio2\build\test\results\TEST-mx.uach.ingenieria.ejercicio2.unit.FutbolUnitTest.xml crashfile=C:\Users\Dani\Documents\Escuela\7to. Semestre\Dise単o de Software de Bajo Nivel\Ejercicio2\build\junitvmwatcher5680474398474979313.properties propsfile=C:\Users\Dani\Documents\Escuela\7to. Semestre\Dise単o de Software de Bajo Nivel\Ejercicio2\build\junit8868109734190211293.properties" />
    <property name="build.classes.dir" value="build/classes" />
    <property name="netbeans.accept_license_class" value="org.netbeans.license.AcceptLicense" />
    <property name="build.sysclasspath" value="ignore" />
    <property name="ap.supported.internal" value="true" />
    <property name="libs.javaee-endorsed-api-7.0.javadoc" value="C:\Program Files\NetBeans 8.0.1\enterprise\docs\javaee-doc-api.jar" />
    <property name="libs.jaxws21.javadoc" value="C:\Program Files\NetBeans 8.0.1\java\docs\jaxws-api-doc.zip" />
    <property name="http.server.port" value="54465" />
    <property name="libs.spring-webmvc4.0.javadoc" value="" />
    <property name="includes" value="**" />
    <property name="libs.ojec-ant-utils.maven-pom" value="" />
    <property name="user.country" value="MX" />
    <property name="manifest.file" value="manifest.mf" />
    <property name="libs.JMUnit4CLDC11.src" value="" />
    <property name="javadoc.encoding" value="UTF-8" />
    <property name="javac.classpath" value="" />
    <property name="libs.jsp-compilation-syscp.src" value="" />
    <property name="libs.spring-framework400.classpath" value="C:\Program Files\NetBeans 8.0.1\ide\modules\org-apache-commons-logging.jar;C:\Program Files\NetBeans 8.0.1\java\modules\ext\cglib-2.2.jar;C:\Program Files\NetBeans 8.0.1\java\modules\ext\spring-4\spring-aop-4.0.1.RELEASE.jar;C:\Program Files\NetBeans 8.0.1\java\modules\ext\spring-4\spring-aspects-4.0.1.RELEASE.jar;C:\Program Files\NetBeans 8.0.1\java\modules\ext\spring-4\spring-beans-4.0.1.RELEASE.jar;C:\Program Files\NetBeans 8.0.1\java\modules\ext\spring-4\spring-build-src-4.0.1.RELEASE.jar;C:\Program Files\NetBeans 8.0.1\java\modules\ext\spring-4\spring-context-4.0.1.RELEASE.jar;C:\Program Files\NetBeans 8.0.1\java\modules\ext\spring-4\spring-context-support-4.0.1.RELEASE.jar;C:\Program Files\NetBeans 8.0.1\java\modules\ext\spring-4\spring-core-4.0.1.RELEASE.jar;C:\Program Files\NetBeans 8.0.1\java\modules\ext\spring-4\spring-expression-4.0.1.RELEASE.jar;C:\Program Files\NetBeans 8.0.1\java\modules\ext\spring-4\spring-framework-bom-4.0.1.RELEASE.jar;C:\Program Files\NetBeans 8.0.1\java\modules\ext\spring-4\spring-instrument-4.0.1.RELEASE.jar;C:\Program Files\NetBeans 8.0.1\java\modules\ext\spring-4\spring-instrument-tomcat-4.0.1.RELEASE.jar;C:\Program Files\NetBeans 8.0.1\java\modules\ext\spring-4\spring-jdbc-4.0.1.RELEASE.jar;C:\Program Files\NetBeans 8.0.1\java\modules\ext\spring-4\spring-jms-4.0.1.RELEASE.jar;C:\Program Files\NetBeans 8.0.1\java\modules\ext\spring-4\spring-messaging-4.0.1.RELEASE.jar;C:\Program Files\NetBeans 8.0.1\java\modules\ext\spring-4\spring-orm-4.0.1.RELEASE.jar;C:\Program Files\NetBeans 8.0.1\java\modules\ext\spring-4\spring-oxm-4.0.1.RELEASE.jar;C:\Program Files\NetBeans 8.0.1\java\modules\ext\spring-4\spring-test-4.0.1.RELEASE.jar;C:\Program Files\NetBeans 8.0.1\java\modules\ext\spring-4\spring-tx-4.0.1.RELEASE.jar;C:\Program Files\NetBeans 8.0.1\java\modules\ext\spring-4\spring-web-4.0.1.RELEASE.jar;C:\Program Files\NetBeans 8.0.1\java\modules\ext\spring-4\spring-webmvc-4.0.1.RELEASE.jar;C:\Program Files\NetBeans 8.0.1\java\modules\ext\spring-4\spring-webmvc-portlet-4.0.1.RELEASE.jar;C:\Program Files\NetBeans 8.0.1\java\modules\ext\spring-4\spring-websocket-4.0.1.RELEASE.jar" />
    <property name="debug-transport" value="dt_shmem" />
    <property name="netbeans.home" value="C:\Program Files\NetBeans 8.0.1\platform" />
    <property name="build.compiler.emacs" value="true" />
    <property name="libs.javaee-web-api-6.0.src" value="" />
    <property name="platforms.Oracle_Java_TM__Platform_Micro_Edition_SDK_8_1.type" value="UEI-1.0.1" />
    <property name="libs.jsp-compilation-syscp.classpath" value="C:\Users\Dani\AppData\Roaming\NetBeans\8.0.1\ant\lib\ant.jar;C:\Program Files\NetBeans 8.0.1\enterprise\modules\ext\servlet3.1-jsp2.3-api.jar;C:\Program Files\NetBeans 8.0.1\enterprise\modules\ext\glassfish-jspparser-4.0.jar;C:\Program Files\NetBeans 8.0.1\enterprise\modules\ext\jstl-impl.jar;C:\Program Files\NetBeans 8.0.1\enterprise\modules\ext\jsf-2_2\javax.faces.jar" />
    <property name="libs.nokiaS80-ant-utils.src" value="" />
    <property name="libs.cdc-pp-awt-layout.javadoc" value="" />
    <property name="libs.j2me_ant_ext.classpath" value="C:\Users\Dani\AppData\Roaming\NetBeans\8.0.1\modules\org-netbeans-modules-mobility-antext.jar;C:\Program Files\NetBeans 8.0.1\mobility\modules\org-netbeans-modules-j2me-common-ant.jar;C:\Program Files\NetBeans 8.0.1\java\modules\org-netbeans-modules-classfile.jar" />
    <property name="java.endorsed.dirs" value="C:\Program Files\Java\jdk1.8.0_05\jre\lib\endorsed" />
    <property name="platforms.Oracle_Java_TM__Platform_Micro_Edition_SDK_8_1.preverifycommandline" value="" />
    <property name="libs.groovy-all.src" value="" />
    <property name="netbeans.dynamic.classpath" value="C:\Users\Dani\AppData\Roaming\NetBeans\8.0.1\core\core.jar;C:\Users\Dani\AppData\Roaming\NetBeans\8.0.1\core\org-netbeans-upgrader.jar;C:\Users\Dani\AppData\Roaming\NetBeans\8.0.1\core\locale\core_ja.jar;C:\Users\Dani\AppData\Roaming\NetBeans\8.0.1\core\locale\core_nb.jar;C:\Users\Dani\AppData\Roaming\NetBeans\8.0.1\core\locale\core_nb_ja.jar;C:\Users\Dani\AppData\Roaming\NetBeans\8.0.1\core\locale\core_nb_pt_BR.jar;C:\Users\Dani\AppData\Roaming\NetBeans\8.0.1\core\locale\core_nb_ru.jar;C:\Users\Dani\AppData\Roaming\NetBeans\8.0.1\core\locale\core_nb_zh_CN.jar;C:\Users\Dani\AppData\Roaming\NetBeans\8.0.1\core\locale\core_pt_BR.jar;C:\Users\Dani\AppData\Roaming\NetBeans\8.0.1\core\locale\core_ru.jar;C:\Users\Dani\AppData\Roaming\NetBeans\8.0.1\core\locale\core_zh_CN.jar;C:\Users\Dani\AppData\Roaming\NetBeans\8.0.1\core\locale\org-netbeans-upgrader_ja.jar;C:\Users\Dani\AppData\Roaming\NetBeans\8.0.1\core\locale\org-netbeans-upgrader_pt_BR.jar;C:\Users\Dani\AppData\Roaming\NetBeans\8.0.1\core\locale\org-netbeans-upgrader_ru.jar;C:\Users\Dani\AppData\Roaming\NetBeans\8.0.1\core\locale\org-netbeans-upgrader_zh_CN.jar;C:\Program Files\NetBeans 8.0.1\platform\core\org-openide-filesystems.jar;C:\Program Files\NetBeans 8.0.1\platform\core\locale\org-openide-filesystems_ja.jar;C:\Program Files\NetBeans 8.0.1\platform\core\locale\org-openide-filesystems_pt_BR.jar;C:\Program Files\NetBeans 8.0.1\platform\core\locale\org-openide-filesystems_ru.jar;C:\Program Files\NetBeans 8.0.1\platform\core\locale\org-openide-filesystems_zh_CN.jar" />
    <property name="libs.cdc-agui-swing-layout.maven-pom" value="" />
    <property name="libs.cdc-pp-awt-layout.src" value="C:\Users\Dani\AppData\Roaming\NetBeans\8.0.1\sources\cdc-pp-awt-layout-src.zip" />
    <property name="backlight.timeout" value="2000" />
    <property name="java.vm.specification.version" value="1.8" />
    <property name="libs.jakarta_slide_ant_webdav.src" value="" />
    <property name="libs.hibernate4-support.src" value="" />
    <property name="libs.primefaces.classpath" value="C:\Program Files\NetBeans 8.0.1\enterprise\modules\ext\primefaces\primefaces-5.0.jar" />
    <property name="libs.javaee-api-6.0.classpath" value="C:\Program Files\NetBeans 8.0.1\enterprise\modules\ext\javaee-api-6.0.jar" />
    <property name="libs.sjmc-ant-utils.maven-pom" value="" />
    <property name="libs.groovy-all.maven-pom" value="" />
    <property name="libs.JMUnit4CLDC10.maven-pom" value="" />
    <property name="netbeans.productversion" value="NetBeans IDE 8.0.2 (Build 201411181905)" />
    <property name="libs.jaxws21.src" value="" />
    <property name="do.archive" value="true" />
    <property name="netbeans.autoupdate.language" value="es" />
    <property name="libs.jakarta_slide_ant_webdav.classpath" value="C:\Users\Dani\AppData\Roaming\NetBeans\8.0.1\modules\ext\commons-httpclient-3.0.1.jar;C:\Program Files\NetBeans 8.0.1\ide\modules\org-apache-commons-logging.jar;C:\Users\Dani\AppData\Roaming\NetBeans\8.0.1\modules\ext\jdom-1.0.jar;C:\Users\Dani\AppData\Roaming\NetBeans\8.0.1\modules\ext\jakarta-slide-webdavlib-2.1.jar;C:\Users\Dani\AppData\Roaming\NetBeans\8.0.1\modules\ext\jakarta-slide-ant-webdav-2.1.jar" />
    <property name="java.vendor" value="Oracle Corporation" />
    <property name="libs.JMUnit4CLDC10.src" value="" />
    <property name="libs.javaee-api-6.0.javadoc" value="C:\Program Files\NetBeans 8.0.1\enterprise\docs\javaee-doc-api.jar" />
    <property name="jar.index.metainf" value="false" />
    <property name="javac.debug" value="true" />
    <property name="javadoc.splitindex" value="true" />
    <property name="file.separator" value="\" />
    <property name="libs.Java-EE-GlassFish-v3-Prelude.maven-pom" value="" />
    <property name="libs.junit_4.maven-pom" value="" />
    <property name="mkdist.disabled" value="false" />
    <property name="javac.test.processorpath" value=":build/classes:C:\Program Files\NetBeans 8.0.1\platform\modules\ext\junit-4.10.jar" />
    <property name="netbeans.buildnumber" value="201411181905" />
    <property name="libs.JWSAntTasks.javadoc" value="" />
    <property name="build.generated.sources.dir" value="build/generated-sources" />
    <property name="user.variant" value="" />
    <property name="libs.eclipselinkmodelgen.classpath" value="C:\Program Files\NetBeans 8.0.1\java\modules\ext\eclipselink\org.eclipse.persistence.jpa.modelgen_2.5.2.v20140319-9ad6abd.jar" />
    <property name="libs.javaee-endorsed-api-7.0.src" value="" />
    <property name="sun.java.launcher" value="SUN_STANDARD" />
    <property name="libs.junit.classpath" value="C:\Program Files\NetBeans 8.0.1\java\modules\ext\junit-3.8.2.jar" />
    <property name="libs.hibernate4-persistencemodelgen.javadoc" value="" />
    <property name="libs.jaxb.javadoc" value="C:\Program Files\NetBeans 8.0.1\ide\docs\jaxb-api-doc.zip" />
    <property name="jsr229.wmatool.phone-number" value="5550000" />
    <property name="libs.struts.classpath" value="C:\Program Files\NetBeans 8.0.1\enterprise\modules\ext\struts\antlr-2.7.2.jar;C:\Program Files\NetBeans 8.0.1\enterprise\modules\ext\struts\bsf-2.3.0.jar;C:\Program Files\NetBeans 8.0.1\enterprise\modules\ext\struts\commons-beanutils-1.8.0.jar;C:\Program Files\NetBeans 8.0.1\enterprise\modules\ext\struts\commons-chain-1.2.jar;C:\Program Files\NetBeans 8.0.1\enterprise\modules\ext\struts\commons-digester-1.8.jar;C:\Program Files\NetBeans 8.0.1\enterprise\modules\ext\struts\commons-fileupload-1.1.1.jar;C:\Program Files\NetBeans 8.0.1\enterprise\modules\ext\struts\commons-io-1.1.jar;C:\Program Files\NetBeans 8.0.1\enterprise\modules\ext\struts\commons-logging-1.0.4.jar;C:\Program Files\NetBeans 8.0.1\enterprise\modules\ext\struts\commons-validator-1.3.1.jar;C:\Program Files\NetBeans 8.0.1\enterprise\modules\ext\struts\jstl-1.0.2.jar;C:\Program Files\NetBeans 8.0.1\enterprise\modules\ext\struts\oro-2.0.8.jar;C:\Program Files\NetBeans 8.0.1\enterprise\modules\ext\struts\standard-1.0.6.jar;C:\Program Files\NetBeans 8.0.1\enterprise\modules\ext\struts\struts-core-1.3.10.jar;C:\Program Files\NetBeans 8.0.1\enterprise\modules\ext\struts\struts-el-1.3.10.jar;C:\Program Files\NetBeans 8.0.1\enterprise\modules\ext\struts\struts-extras-1.3.10.jar;C:\Program Files\NetBeans 8.0.1\enterprise\modules\ext\struts\struts-faces-1.3.10.jar;C:\Program Files\NetBeans 8.0.1\enterprise\modules\ext\struts\struts-mailreader-dao-1.3.10.jar;C:\Program Files\NetBeans 8.0.1\enterprise\modules\ext\struts\struts-scripting-1.3.10.jar;C:\Program Files\NetBeans 8.0.1\enterprise\modules\ext\struts\struts-taglib-1.3.10.jar;C:\Program Files\NetBeans 8.0.1\enterprise\modules\ext\struts\struts-tiles-1.3.10.jar" />
    <property name="ant.home" value="C:\Users\Dani\AppData\Roaming\NetBeans\8.0.1\ant" />
    <property name="libs.junit_4.src" value="C:\Program Files\NetBeans 8.0.1\java\docs\junit-4.10-sources.jar" />
    <property name="platforms.Oracle_Java_TM__Platform_Micro_Edition_SDK_8_1.debugcommandline" value="" />
    <property name="libs.testng.classpath" value="C:\Program Files\NetBeans 8.0.1\platform\modules\ext\testng-6.8.1-dist.jar" />
    <property name="libs.absolutelayout.maven-pom" value="" />
    <property name="ant.java.version" value="1.8" />
    <property name="java.library.path" value="C:\Program Files\Java\jdk1.8.0_05\jre\bin;C:\WINDOWS\Sun\Java\bin;C:\WINDOWS\system32;C:\WINDOWS;C:\Program Files\Broadcom\Broadcom 802.11 Network Adapter;C:\Program Files (x86)\Common Files\Intel\Shared Files\cpp\bin\Intel64;C:\oraclexe\app\oracle\product\11.2.0\server\bin;C:\ProgramData\Oracle\Java\javapath;C:\Program Files (x86)\NVIDIA Corporation\PhysX\Common;c:\Program Files (x86)\Intel\iCLS Client\;c:\Program Files\Intel\iCLS Client\;C:\WINDOWS\system32;C:\WINDOWS;C:\WINDOWS\System32\Wbem;C:\WINDOWS\System32\WindowsPowerShell\v1.0\;C:\Program Files\Intel\Intel(R) Management Engine Components\DAL;C:\Program Files\Intel\Intel(R) Management Engine Components\IPT;C:\Program Files (x86)\Intel\Intel(R) Management Engine Components\DAL;C:\Program Files (x86)\Intel\Intel(R) Management Engine Components\IPT;c:\Program Files\WIDCOMM\Bluetooth Software\;c:\Program Files\WIDCOMM\Bluetooth Software\syswow64;C:\Program Files\Sony\VAIO Improvement;c:\Program Files (x86)\Sony\VAIO BIOS Data Transfer Utility\;C:\Program Files (x86)\Sony\VAIO Startup Setting Tool;C:\Program Files\Java\jdk1.8.0_05\bin;%play%;C:\Program Files\MongoDB\Server\3.0\bin;C:\Program Files\Apache\maven\bin;C:\Program Files\nodejs\;C:\Program Files (x86)\Heroku\bin;C:\Program Files (x86)\git\cmd;C:\Program Files\Git\cmd;C:\AppServ\Apache2.2\bin;C:\AppServ\php5;C:\play1-1.3.0;C:\Users\Dani\AppData\Roaming\npm;C:\Users\Dani\AppData\Local\atom\bin;." />
    <property name="javadoc.author" value="false" />
    <property name="jsr120.sms.maximum.size" value="4096" />
    <property name="libs.metro.maven-pom" value="" />
    <property name="libs.EclipseLink-GlassFish-v3.src" value="" />
    <property name="java.util.logging.config.class" value="org.netbeans.core.startup.TopLogging" />
    <property name="libs.spring-framework400.src" value="" />
    <property name="libs.PostgreSQLDriver.src" value="" />
    <property name="sun.arch.data.model" value="64" />
    <property name="basedir" value="C:\Users\Dani\Documents\Escuela\7to. Semestre\Dise単o de Software de Bajo Nivel\Ejercicio2" />
    <property name="libs.jpa20-persistence.maven-pom" value="" />
    <property name="jar.compress" value="false" />
    <property name="libs.javaee-web-api-7.0.classpath" value="C:\Program Files\NetBeans 8.0.1\enterprise\modules\ext\javaee-web-api-7.0.jar" />
    <property name="path.separator" value=";" />
    <property name="libs.javaee-web-api-6.0.javadoc" value="C:\Program Files\NetBeans 8.0.1\enterprise\docs\javaee-doc-api.jar" />
    <property name="ant.junit.enabletestlistenerevents" value="true" />
    <property name="sun.io.unicode.encoding" value="UnicodeLittle" />
    <property name="libs.semc-ant-utils.javadoc" value="" />
    <property name="libs.jaxws21.classpath" value="C:\Program Files\NetBeans 8.0.1\ide\modules\ext\jaxb\jaxb-impl.jar;C:\Program Files\NetBeans 8.0.1\ide\modules\ext\jaxb\jaxb-xjc.jar;C:\Program Files\NetBeans 8.0.1\java\modules\ext\jaxws22\FastInfoset.jar;C:\Program Files\NetBeans 8.0.1\java\modules\ext\jaxws22\gmbal-api-only.jar;C:\Program Files\NetBeans 8.0.1\java\modules\ext\jaxws22\ha-api.jar;C:\Program Files\NetBeans 8.0.1\java\modules\ext\jaxws22\javax.mail_1.4.jar;C:\Program Files\NetBeans 8.0.1\java\modules\ext\jaxws22\jaxws-rt.jar;C:\Program Files\NetBeans 8.0.1\java\modules\ext\jaxws22\jaxws-tools.jar;C:\Program Files\NetBeans 8.0.1\java\modules\ext\jaxws22\management-api.jar;C:\Program Files\NetBeans 8.0.1\java\modules\ext\jaxws22\mimepull.jar;C:\Program Files\NetBeans 8.0.1\java\modules\ext\jaxws22\policy.jar;C:\Program Files\NetBeans 8.0.1\java\modules\ext\jaxws22\saaj-impl.jar;C:\Program Files\NetBeans 8.0.1\java\modules\ext\jaxws22\stax-ex.jar;C:\Program Files\NetBeans 8.0.1\java\modules\ext\jaxws22\stax2-api.jar;C:\Program Files\NetBeans 8.0.1\java\modules\ext\jaxws22\streambuffer.jar;C:\Program Files\NetBeans 8.0.1\java\modules\ext\jaxws22\woodstox-core-asl.jar;C:\Program Files\NetBeans 8.0.1\java\modules\ext\jaxws22\api\jaxws-api.jar;C:\Program Files\NetBeans 8.0.1\java\modules\ext\jaxws22\api\jsr181-api.jar;C:\Program Files\NetBeans 8.0.1\java\modules\ext\jaxws22\api\javax.annotation.jar;C:\Program Files\NetBeans 8.0.1\java\modules\ext\jaxws22\api\saaj-api.jar;C:\Program Files\NetBeans 8.0.1\ide\modules\ext\jaxb\activation.jar;C:\Program Files\NetBeans 8.0.1\ide\modules\ext\jaxb\api\jaxb-api.jar;C:\Program Files\NetBeans 8.0.1\ide\modules\ext\jaxb\api\jsr173_1.0_api.jar" />
    <property name="libs.struts.src" value="" />
    <property name="compile.on.save" value="true" />
    <property name="apple.awt.graphics.UseQuartz" value="true" />
    <property name="user.language" value="es" />
    <property name="testng.mode" value="testng" />
    <property name="libs.JAXB-ENDORSED.maven-pom" value="" />
    <property name="libs.eclipselink.maven-pom" value="" />
    <property name="test.binaryincludes" value="&lt;nothing&gt;" />
    <property name="manifest.available" value="true" />
    <property name="libs.primefaces.javadoc" value="" />
    <property name="libs.spring-framework300.maven-pom" value="" />
    <property name="ant.file.type.Ejercicio2" value="file" />
    <property name="run.test.classpath" value=":build/classes:C:\Program Files\NetBeans 8.0.1\platform\modules\ext\junit-4.10.jar:build/test/classes" />
    <property name="ant.project.invoked-targets" value="test" />
    <property name="test.binaryexcludes" value="" />
    <property name="libs.swing-layout.javadoc" value="C:\Program Files\NetBeans 8.0.1\platform\docs\swing-layout-1.0.4-doc.zip" />
    <property name="sun.java2d.dpiaware" value="true" />
    <property name="os.arch.dll.suffix" value=".*64.* -&gt; -x64; .* -&gt; -x86" />
    <property name="libs.hibernate4-persistence.maven-pom" value="" />
    <property name="product.full.name" value="Oracle Java(TM) Platform Micro Edition SDK 8.1" />
    <property name="libs.DataBindingME-SVG.classpath" value="C:\Program Files\NetBeans 8.0.1\mobility\modules\ext\netbeans_databindingme_svg.jar" />
    <property name="https.nonProxyHosts" value="localhost|127.0.0.1|DSC" />
    <property name="libs.PostgreSQLDriver.maven-pom" value="" />
    <property name="java.class.version" value="52.0" />
    <property name="libs.hibernate4-persistencemodelgen.maven-pom" value="" />
    <property name="libs.javaee-endorsed-api-6.0.src" value="" />
    <property name="libs.cdc-ant-utils.classpath" value="C:\Users\Dani\AppData\Roaming\NetBeans\8.0.1\modules\ext\org-netbeans-modules-j2me-cdc-project.jar" />
    <property name="libs.eclipselink.javadoc" value="C:\Program Files\NetBeans 8.0.1\java\modules\ext\docs\javax.persistence-2.1.0-doc.zip" />
    <property name="libs.jsp-compilation.maven-pom" value="" />
    <property name="user.properties.file" value="C:\Users\Dani\AppData\Roaming\NetBeans\8.0.1\build.properties" />
    <property name="runtime.encoding" value="UTF-8" />
    <property name="libs.javac-api.maven-pom" value="" />
    <property name="file.encoding.pkg" value="sun.io" />
    <property name="sun.cpu.endian" value="little" />
    <property name="libs.JAXB-ENDORSED.javadoc" value="" />
    <property name="libs.JWSAntTasks.classpath" value="C:\Program Files\NetBeans 8.0.1\java\ant\extra\org-netbeans-modules-javawebstart-anttasks.jar" />
    <property name="libs.spring-webmvc4.0.maven-pom" value="" />
    <property name="libs.spring-framework300.src" value="" />
    <property name="libs.ant-contrib.classpath" value="C:\Users\Dani\AppData\Roaming\NetBeans\8.0.1\modules\ext\ant-contrib-1.0b3.jar" />
    <property name="device-manager.object-registry.name" value="device-manager" />
    <property name="libs.jstl.src" value="" />
    <property name="empty.dir" value="C:\Users\Dani\Documents\Escuela\7to. Semestre\Dise単o de Software de Bajo Nivel\Ejercicio2\build\empty" />
    <property name="version-output" value="java version &quot;1.8" />
    <property name="test.binarytestincludes" value="" />
    <property name="libs.hibernate4-persistencemodelgen.src" value="" />
    <property name="javadoc.preview" value="true" />
    <property name="libs.jpa20-persistence.javadoc" value="C:\Program Files\NetBeans 8.0.1\java\modules\ext\docs\javax.persistence-2.1.0-doc.zip" />
    <property name="java.home" value="C:\Program Files\Java\jdk1.8.0_05\jre" />
    <property name="libs.ojec-ant-utils.javadoc" value="" />
    <property name="libs.jsp-compilation.src" value="" />
    <property name="libs.ant-contrib.javadoc" value="" />
    <property name="debug.test.classpath" value=":build/classes:C:\Program Files\NetBeans 8.0.1\platform\modules\ext\junit-4.10.jar:build/test/classes" />
    <property name="libs.javaee-endorsed-api-6.0.classpath" value="C:\Program Files\NetBeans 8.0.1\enterprise\modules\ext\javaee6-endorsed\javax.annotation.jar;C:\Program Files\NetBeans 8.0.1\enterprise\modules\ext\javaee6-endorsed\jaxb-api-osgi.jar;C:\Program Files\NetBeans 8.0.1\enterprise\modules\ext\javaee6-endorsed\webservices-api-osgi.jar" />
    <property name="libs.javaee-api-6.0.src" value="" />
    <property name="netbeans.importclass" value="org.netbeans.upgrade.AutoUpgrade" />
    <property name="ant.project.default-target" value="default" />
    <property name="annotation.processing.run.all.processors" value="true" />
    <property name="executable.suffix" value=".exe" />
    <property name="libs.savaje-ant-utils.classpath" value="C:\Users\Dani\AppData\Roaming\NetBeans\8.0.1\modules\ext\org-netbeans-modules-j2me-cdc-project-savaje.jar" />
    <property name="libs.DataBindingME.maven-pom" value="" />
    <property name="libs.PostgreSQLDriver.javadoc" value="" />
    <property name="libs.restlib.classpath" value="C:\Program Files\NetBeans 8.0.1\enterprise\modules\ext\jersey2\ext\asm-all-repackaged-2.2.0-b21.jar;C:\Program Files\NetBeans 8.0.1\enterprise\modules\ext\jersey2\ext\cglib-2.2.0-b21.jar;C:\Program Files\NetBeans 8.0.1\enterprise\modules\ext\jersey2\ext\guava-14.0.1.jar;C:\Program Files\NetBeans 8.0.1\enterprise\modules\ext\jersey2\ext\hk2-api-2.2.0-b21.jar;C:\Program Files\NetBeans 8.0.1\enterprise\modules\ext\jersey2\ext\hk2-locator-2.2.0-b21.jar;C:\Program Files\NetBeans 8.0.1\enterprise\modules\ext\jersey2\ext\hk2-utils-2.2.0-b21.jar;C:\Program Files\NetBeans 8.0.1\enterprise\modules\ext\jersey2\ext\javax.annotation-api-1.2.jar;C:\Program Files\NetBeans 8.0.1\enterprise\modules\ext\jersey2\ext\javax.inject-2.2.0-b21.jar;C:\Program Files\NetBeans 8.0.1\enterprise\modules\ext\jersey2\ext\javax.servlet-api-3.0.1.jar;C:\Program Files\NetBeans 8.0.1\enterprise\modules\ext\jersey2\ext\jaxb-api-2.2.7.jar;C:\Program Files\NetBeans 8.0.1\enterprise\modules\ext\jersey2\ext\jersey-entity-filtering-2.5.1.jar;C:\Program Files\NetBeans 8.0.1\enterprise\modules\ext\jersey2\ext\jersey-media-moxy-2.5.1.jar;C:\Program Files\NetBeans 8.0.1\enterprise\modules\ext\jersey2\ext\org.osgi.core-4.2.0.jar;C:\Program Files\NetBeans 8.0.1\enterprise\modules\ext\jersey2\ext\osgi-resource-locator-1.0.1.jar;C:\Program Files\NetBeans 8.0.1\enterprise\modules\ext\jersey2\ext\persistence-api-1.0.jar;C:\Program Files\NetBeans 8.0.1\enterprise\modules\ext\jersey2\ext\validation-api-1.1.0.Final.jar;C:\Program Files\NetBeans 8.0.1\enterprise\modules\ext\jersey2\jersey-client.jar;C:\Program Files\NetBeans 8.0.1\enterprise\modules\ext\jersey2\jersey-common.jar;C:\Program Files\NetBeans 8.0.1\enterprise\modules\ext\jersey2\jersey-container-servlet.jar;C:\Program Files\NetBeans 8.0.1\enterprise\modules\ext\jersey2\jersey-container-servlet-core.jar;C:\Program Files\NetBeans 8.0.1\enterprise\modules\ext\jersey2\jersey-server.jar;C:\Program Files\NetBeans 8.0.1\java\modules\ext\eclipselink\eclipselink.jar" />
    <property name="libs.JMUnit4CLDC11.javadoc" value="C:\Users\Dani\AppData\Roaming\NetBeans\8.0.1\modules\docs\jmunit-1.2.1-api.zip" />
    <property name="libs.MySQLDriver.maven-pom" value="" />
    <property name="platforms.Oracle_Java_TM__Platform_Micro_Edition_SDK_8_1.runcommandline" value="" />
    <property name="libs.savaje-ant-utils.src" value="" />
    <property name="libs.hibernate4-persistence.javadoc" value="C:\Program Files\NetBeans 8.0.1\java\modules\ext\docs\javax.persistence-2.1.0-doc.zip" />
    <property name="http.nonProxyHosts" value="localhost|127.0.0.1|DSC" />
    <property name="libs.junit_4.javadoc" value="C:\Program Files\NetBeans 8.0.1\java\docs\junit-4.10-javadoc.jar" />
    <property name="libs.EclipseLink-GlassFish-v3.maven-pom" value="" />
    <property name="libs.javaee-web-api-6.0.maven-pom" value="" />
    <property name="libs.cdc-pp-awt-layout.classpath" value="C:\Users\Dani\AppData\Roaming\NetBeans\8.0.1\modules\ext\cdc-pp-awt-layout.jar" />
    <property name="libs.cdc-agui-swing-layout.src" value="C:\Users\Dani\AppData\Roaming\NetBeans\8.0.1\sources\cdc-agui-swing-layout-src.zip" />
    <property name="run.classpath" value=":build/classes" />
    <property name="jna.boot.library.name" value="jnidispatch-410" />
    <property name="libs.javaee-endorsed-api-6.0.javadoc" value="C:\Program Files\NetBeans 8.0.1\enterprise\docs\javaee-doc-api.jar" />
    <property name="libs.javaee-api-7.0.classpath" value="C:\Program Files\NetBeans 8.0.1\enterprise\modules\ext\javaee-api-7.0.jar" />
    <property name="libs.JMUnit4CLDC11.classpath" value="C:\Users\Dani\AppData\Roaming\NetBeans\8.0.1\modules\ext\jmunit4cldc11-1.2.1.jar" />
    <property name="sun.awt.datatransfer.timeout" value="1000" />
    <property name="libs.spring-webmvc3.0.javadoc" value="" />
    <property name="libs.jpa2-persistence.maven-pom" value="" />
    <property name="application.data.dir" value="." />
    <property name="orientation" value="NORMAL" />
    <property name="annotation.processing.enabled.in.editor" value="false" />
    <property name="libs.hibernate4-support.classpath" value="C:\Program Files\NetBeans 8.0.1\java\modules\ext\hibernate4\antlr-2.7.7.jar;C:\Program Files\NetBeans 8.0.1\java\modules\ext\hibernate4\c3p0-0.9.2.1.jar;C:\Program Files\NetBeans 8.0.1\java\modules\ext\hibernate4\hibernate-c3p0-4.3.1.Final.jar;C:\Program Files\NetBeans 8.0.1\java\modules\ext\hibernate4\mchange-commons-java-0.2.3.4.jar;C:\Program Files\NetBeans 8.0.1\java\modules\ext\hibernate4\dom4j-1.6.1.jar;C:\Program Files\NetBeans 8.0.1\java\modules\ext\hibernate4\ehcache-core-2.4.3.jar;C:\Program Files\NetBeans 8.0.1\java\modules\ext\hibernate4\hibernate-ehcache-4.3.1.Final.jar;C:\Program Files\NetBeans 8.0.1\java\modules\ext\hibernate4\hibernate-core-4.3.1.Final.jar;C:\Program Files\NetBeans 8.0.1\java\modules\ext\hibernate4\jboss-logging-3.1.3.GA.jar;C:\Program Files\NetBeans 8.0.1\java\modules\ext\hibernate4\hibernate-commons-annotations-4.0.4.Final.jar;C:\Program Files\NetBeans 8.0.1\java\modules\ext\hibernate4\hibernate-entitymanager-4.3.1.Final.jar;C:\Program Files\NetBeans 8.0.1\java\modules\ext\hibernate4\javassist-3.18.1-GA.jar;C:\Program Files\NetBeans 8.0.1\java\modules\ext\hibernate4\jboss-transaction-api_1.2_spec-1.0.0.Final.jar;C:\Program Files\NetBeans 8.0.1\java\modules\ext\hibernate4\slf4j-api-1.6.1.jar;C:\Program Files\NetBeans 8.0.1\java\modules\ext\hibernate4\slf4j-simple-1.6.1.jar" />
    <property name="libs.semc-ant-utils.maven-pom" value="" />
    <property name="nb.native.filechooser" value="false" />
    <property name="libs.restapi.src" value="" />
    <property name="jsr120.cbs-server.port" value="54455" />
    <property name="sun.management.compiler" value="HotSpot 64-Bit Tiered Compilers" />
    <property name="libs.j2me_common_ant.javadoc" value="" />
    <property name="javac.deprecation" value="false" />
    <property name="javadoc.use" value="true" />
    <property name="sun.java2d.noddraw" value="true" />
    <property name="libs.jsp-compiler.classpath" value="C:\Program Files\NetBeans 8.0.1\enterprise\ant\extra\jspcompile.jar" />
    <property name="javac.processorpath" value="" />
    <property name="jsr120.mms.maximum.part.size" value="30720" />
    <property name="javac.compilerargs" value="" />
    <property name="ant.file" value="C:\Users\Dani\Documents\Escuela\7to. Semestre\Dise単o de Software de Bajo Nivel\Ejercicio2\build.xml" />
    <property name="work.dir.mesdk" value="work" />
    <property name="libs.beans-binding.maven-pom" value="" />
    <property name="product.copyright" value="&lt;br&gt;Copyright &amp;copy; 2000, 2014, Oracle and/or its affiliates. All rights reserved.&lt;br&gt;&lt;br&gt;This software and related documentation are provided under a license agreement containing restrictions on use and disclosure and are protected by intellectual property laws. Except as expressly permitted in your license agreement or allowed by law, you may not use, copy, reproduce, translate, broadcast, modify, license, transmit, distribute, exhibit, perform, publish, or display any part, in any form, or by any means. Reverse engineering, disassembly, or decompilation of this software, unless required by law for interoperability, is prohibited.&lt;br&gt;&lt;br&gt;The information contained herein is subject to change without notice and is not warranted to be error-free. If you find any errors, please report them to us in writing.&lt;br&gt;&lt;br&gt;If this is software or related software documentation that is delivered to the U.S. Government or anyone licensing it on behalf of the U.S. Government, the following notice is applicable:&lt;br&gt;&lt;br&gt;U.S. GOVERNMENT END USERS: Oracle programs, including any operating system, integrated software, any programs installed on the hardware, and/or documentation, delivered to U.S. Government end users are &quot;commercial computer software&quot; pursuant to the applicable Federal Acquisition Regulation and agency-specific supplemental regulations. As such, use, duplication, disclosure, modification, and adaptation of the programs, including any operating system, integrated software, any programs installed on the hardware, and/or documentation, shall be subject to license terms and license restrictions applicable to the programs. No other rights are granted to the U.S. Government.&lt;br&gt;&lt;br&gt;This software or hardware is developed for general use in a variety of information management applications. It is not developed or intended for use in any inherently dangerous applications, including applications which may create a risk of personal injury. If you use this software or hardware in dangerous applications, then you shall be responsible to take all appropriate fail-safe, backup, redundancy, and other measures to ensure its safe use. Oracle Corporation and its affiliates disclaim any liability for any damages caused by use of this software or hardware in dangerous applications.&lt;br&gt;&lt;br&gt;Oracle and Java are registered trademarks of Oracle and/or its affiliates. Other names may be trademarks of their respective owners.&lt;br&gt;&lt;br&gt;Intel and Intel Xeon are trademarks or registered trademarks of Intel Corporation. All SPARC trademarks are used under license and are trademarks or registered trademarks of SPARC International, Inc. AMD, Opteron, the AMD logo, and the AMD Opteron logo are trademarks or registered trademarks of Advanced Micro Devices. UNIX is a registered trademark of The Open Group.&lt;br&gt;&lt;br&gt;This software or hardware and documentation may provide access to or information on content, products, and services from third parties. Oracle Corporation and its affiliates are not responsible for and expressly disclaim all warranties of any kind with respect to third-party content, products, and services. Oracle Corporation and its affiliates will not be responsible for any loss, costs, or damages incurred due to your access to or use of third-party content, products, or services." />
    <property name="libs.hibernate4-support.javadoc" value="C:\Program Files\NetBeans 8.0.1\java\modules\ext\docs\javax.persistence-2.1.0-doc.zip" />
    <property name="libs.jsf12.classpath" value="C:\Program Files\NetBeans 8.0.1\enterprise\modules\ext\jsf-1_2\commons-beanutils.jar;C:\Program Files\NetBeans 8.0.1\enterprise\modules\ext\jsf-1_2\commons-collections.jar;C:\Program Files\NetBeans 8.0.1\enterprise\modules\ext\jsf-1_2\commons-digester.jar;C:\Program Files\NetBeans 8.0.1\enterprise\modules\ext\jsf-1_2\commons-logging.jar;C:\Program Files\NetBeans 8.0.1\enterprise\modules\ext\jsf-1_2\jsf-api.jar;C:\Program Files\NetBeans 8.0.1\enterprise\modules\ext\jsf-1_2\jsf-impl.jar" />
    <property name="libs.Java-EE-GlassFish-v3-Prelude.classpath" value="C:\Program Files\glassfish-4.0\glassfish\modules\endorsed\javax.annotation-api.jar;C:\Program Files\glassfish-4.0\glassfish\modules\endorsed\jaxb-api-osgi.jar;C:\Program Files\glassfish-4.0\glassfish\modules\endorsed\webservices-api-osgi.jar;C:\Program Files\glassfish-4.0\glassfish\modules\bean-validator.jar;C:\Program Files\glassfish-4.0\glassfish\modules\javax.batch-api.jar;C:\Program Files\glassfish-4.0\glassfish\modules\javax.ejb-api.jar;C:\Program Files\glassfish-4.0\glassfish\modules\javax.el.jar;C:\Program Files\glassfish-4.0\glassfish\modules\javax.enterprise.concurrent-api.jar;C:\Program Files\glassfish-4.0\glassfish\modules\javax.enterprise.concurrent.jar;C:\Program Files\glassfish-4.0\glassfish\modules\javax.enterprise.deploy-api.jar;C:\Program Files\glassfish-4.0\glassfish\modules\javax.faces.jar;C:\Program Files\glassfish-4.0\glassfish\modules\javax.inject.jar;C:\Program Files\glassfish-4.0\glassfish\modules\javax.interceptor-api.jar;C:\Program Files\glassfish-4.0\glassfish\modules\javax.jms-api.jar;C:\Program Files\glassfish-4.0\glassfish\modules\javax.json.jar;C:\Program Files\glassfish-4.0\glassfish\modules\javax.mail.jar;C:\Program Files\glassfish-4.0\glassfish\modules\javax.management.j2ee-api.jar;C:\Program Files\glassfish-4.0\glassfish\modules\javax.persistence.jar;C:\Program Files\glassfish-4.0\glassfish\modules\javax.resource-api.jar;C:\Program Files\glassfish-4.0\glassfish\modules\javax.security.auth.message-api.jar;C:\Program Files\glassfish-4.0\glassfish\modules\javax.security.jacc-api.jar;C:\Program Files\glassfish-4.0\glassfish\modules\javax.servlet-api.jar;C:\Program Files\glassfish-4.0\glassfish\modules\javax.servlet.jsp-api.jar;C:\Program Files\glassfish-4.0\glassfish\modules\javax.servlet.jsp.jar;C:\Program Files\glassfish-4.0\glassfish\modules\javax.servlet.jsp.jstl-api.jar;C:\Program Files\glassfish-4.0\glassfish\modules\javax.servlet.jsp.jstl.jar;C:\Program Files\glassfish-4.0\glassfish\modules\javax.transaction-api.jar;C:\Program Files\glassfish-4.0\glassfish\modules\javax.websocket-api.jar;C:\Program Files\glassfish-4.0\glassfish\modules\javax.ws.rs-api.jar;C:\Program Files\glassfish-4.0\glassfish\modules\javax.xml.registry-api.jar;C:\Program Files\glassfish-4.0\glassfish\modules\javax.xml.rpc-api.jar;C:\Program Files\glassfish-4.0\glassfish\modules\jaxb-osgi.jar;C:\Program Files\glassfish-4.0\glassfish\modules\webservices-osgi.jar;C:\Program Files\glassfish-4.0\glassfish\modules\weld-osgi-bundle.jar;C:\Program Files\glassfish-4.0\mq\lib\jaxm-api.jar" />
    <property name="libs.jstl.maven-pom" value="" />
    <property name="libs.restapi.maven-pom" value="" />
    <property name="libs.beans-binding.src" value="" />
    <property name="java.vm.specification.vendor" value="Oracle Corporation" />
    <property name="libs.DataBindingME-PIM.javadoc" value="C:\Program Files\NetBeans 8.0.1\mobility\modules\docs\netbeans_databindingme_pim-api.zip" />
    <property name="libs.swing-layout.src" value="C:\Program Files\NetBeans 8.0.1\platform\docs\swing-layout-1.0.4-src.zip" />
    <property name="libs.j2me_ant_ext.src" value="" />
    <property name="org.openide.major.version" value="IDE/1" />
    <property name="emulator.startup.timeout" value="100000" />
    <property name="java.vm.name" value="Java HotSpot(TM) 64-Bit Server VM" />
    <property name="netbeans.user" value="C:\Users\Dani\AppData\Roaming\NetBeans\8.0.1" />
    <property name="javadoc.additionalparam" value="" />
    <property name="java.io.tmpdir" value="C:\Users\Dani\AppData\Local\Temp\" />
    <property name="java.vendor.url" value="http://java.oracle.com/" />
    <property name="junit.available" value="true" />
    <property name="endorsed.classpath.cmd.line.arg" value="" />
    <property name="libs.jsp-compiler.src" value="" />
    <property name="org.openide.awt.ActionReference.completion" value="org.netbeans.modules.apisupport.project.layers.PathCompletions" />
    <property name="sun.boot.library.path" value="C:\Program Files\Java\jdk1.8.0_05\jre\bin" />
    <property name="have.sources" value="true" />
    <property name="debug.classpath" value=":build/classes" />
    <property name="javadoc.private" value="false" />
    <property name="test.src.dir" value="test" />
    <property name="libs.jsf20.classpath" value="C:\Program Files\NetBeans 8.0.1\enterprise\modules\ext\jsf-2_2\javax.faces.jar" />
    <property name="ap.processors.internal" value="" />
    <property name="uei-proxy.default-device" value="EmbeddedDevice1" />
    <property name="meta.inf.dir" value="src/META-INF" />
    <property name="javadoc.encoding.used" value="UTF-8" />
    <property name="libs.DataBindingME-SVG.src" value="C:\Program Files\NetBeans 8.0.1\mobility\sources\netbeans_databindingme_svg-src.zip" />
    <property name="dist.jar" value="dist/Ejercicio2.jar" />
    <property name="libs.spring-framework400.maven-pom" value="" />
    <property name="netbeans.automatic.build" value="true" />
    <property name="java.runtime.name" value="Java(TM) SE Runtime Environment" />
    <property name="ant.project.name" value="Ejercicio2" />
    <property name="jsr120.wmatool.phone-number" value="987654321" />
    <property name="netbeans.hash.code" value="unique=NB_CND_EXTIDE_GFMOD_GROOVY_JAVA_JC_MOB_PHP_WEBCOMMON_WEBEE0f7de2bd8-fc4f-42dd-a2b9-2524827ba5a9_7eb6e4ef-85df-4b09-9dc4-47ff5df228fd" />
    <property name="netbeans.default_userdir_root" value="C:\Users\Dani\AppData\Roaming\NetBeans" />
    <property name="libs.jsp-compilation-syscp.maven-pom" value="" />
    <property name="sun.cpu.isalist" value="amd64" />
    <property name="libs.j2me_ant_ext.maven-pom" value="" />
    <property name="libs.CopyLibs.javadoc" value="" />
    <property name="libs.spring-framework400.javadoc" value="" />
    <property name="org.openide.specification.version" value="6.2" />
    <property name="libs.DataBindingME-PIM.classpath" value="C:\Program Files\NetBeans 8.0.1\mobility\modules\ext\netbeans_databindingme_pim.jar" />
    <property name="user.home" value="C:\Users\Dani" />
    <property name="annotation.processing.processors.list" value="" />
    <property name="debug-args-line" value="-Xdebug" />
    <property name="libs.primefaces.maven-pom" value="" />
    <property name="ant.file.Ejercicio2-impl" value="C:\Users\Dani\Documents\Escuela\7to. Semestre\Dise単o de Software de Bajo Nivel\Ejercicio2\nbproject\build-impl.xml" />
    <property name="libs.javaee-api-6.0.maven-pom" value="" />
    <property name="device-manager.object-registry.host" value="127.0.0.1" />
    <property name="libs.JWSAntTasks.src" value="" />
    <property name="libs.CopyLibs.maven-pom" value="" />
    <property name="jar.index" value="false" />
    <property name="libs.absolutelayout.javadoc" value="" />
    <property name="libs.spring-framework300.javadoc" value="" />
    <property name="meep.bootclasspath" value="cldc_1.8.jar,gcf_1.8.jar,meep_8.0.jar,meep_8.0-key.jar,meep_8.0-cellular.jar,meep_8.0-event.jar,meep_8.0-power.jar,meep_8.0-io.jar,meep_8.0-lui.jar,meep_8.0-media.jar,meep_8.0-rms.jar,meep_8.0-swm.jar,jsr75_1.0-fc.jar,jsr120_1.1.jar,jsr172_1.0.jar,jsr177_1.0-apdu.jar,jsr177_1.0-crypto.jar,jsr179_1.0.jar,jsr280_1.0.jar,device-io_1.0.jar,configuration_1.0.jar,oauth2_1.0.jar,httpclient_1.0.jar,json_1.0.jar,satsa_extensions_api.jar" />
    <property name="java.specification.name" value="Java Platform API Specification" />
    <property name="libs.jakarta_slide_ant_webdav.maven-pom" value="" />
    <property name="do.archive+main.class.available" value="true" />
    <property name="libs.sjmc-ant-utils.src" value="" />
    <property name="java.specification.vendor" value="Oracle Corporation" />
    <property name="libs.cdc-agui-swing-layout.javadoc" value="" />
    <property name="libs.javac-api.classpath" value="C:\Program Files\NetBeans 8.0.1\java\modules\ext\nb-javac-api.jar" />
    <property name="libs.nokiaS80-ant-utils.classpath" value="C:\Users\Dani\AppData\Roaming\NetBeans\8.0.1\modules\ext\org-netbeans-modules-j2me-cdc-project-nokiaS80.jar" />
    <property name="java.version" value="1.8.0_05" />
    <property name="javadoc.version" value="false" />
    <property name="run.jvmargs.ide" value="" />
    <property name="libs.MySQLDriver.javadoc" value="" />
    <property name="org.openide.version" value="deprecated" />
    <property name="source.encoding" value="UTF-8" />
    <property name="platform.java" value="C:\Program Files\Java\jdk1.8.0_05\jre/bin/java" />
    <property name="ap.cmd.line.internal" value="" />
    <property name="libs.eclipselinkmodelgen.maven-pom" value="" />
    <property name="libs.jsp-compilation-syscp.javadoc" value="" />
    <property name="libs.junit.maven-pom" value="" />
    <property name="libs.eclipselinkmodelgen.javadoc" value="" />
    <property name="libs.javaee-endorsed-api-7.0.classpath" value="C:\Program Files\NetBeans 8.0.1\enterprise\modules\ext\javaee7-endorsed\javax.annotation-api.jar;C:\Program Files\NetBeans 8.0.1\enterprise\modules\ext\javaee7-endorsed\javax.xml.soap-api.jar;C:\Program Files\NetBeans 8.0.1\enterprise\modules\ext\javaee7-endorsed\jaxb-api-osgi.jar;C:\Program Files\NetBeans 8.0.1\enterprise\modules\ext\javaee7-endorsed\jaxws-api.jar;C:\Program Files\NetBeans 8.0.1\enterprise\modules\ext\javaee7-endorsed\jsr181-api.jar" />
    <property name="libs.metro.javadoc" value="C:\Program Files\NetBeans 8.0.1\enterprise\docs\metro-1.4-doc.zip" />
    <property name="libs.struts.maven-pom" value="" />
    <property name="netbeans.home+have.tests" value="true" />
    <property name="annotation.processing.processor.options" value="" />
    <property name="libs.testng.maven-pom" value="" />
    <property name="libs.jaxb.src" value="" />
    <property name="libs.cdc-ant-utils.src" value="" />
    <property name="work.dir" value="C:\Users\Dani\Documents\Escuela\7to. Semestre\Dise単o de Software de Bajo Nivel\Ejercicio2" />
    <property name="libs.jaxb.classpath" value="C:\Program Files\NetBeans 8.0.1\ide\modules\ext\jaxb\jaxb-impl.jar;C:\Program Files\NetBeans 8.0.1\ide\modules\ext\jaxb\jaxb-xjc.jar;C:\Program Files\NetBeans 8.0.1\ide\modules\ext\jaxb\jaxb1-impl.jar;C:\Program Files\NetBeans 8.0.1\ide\modules\ext\jaxb\activation.jar;C:\Program Files\NetBeans 8.0.1\ide\modules\ext\jaxb\api\jaxb-api.jar;C:\Program Files\NetBeans 8.0.1\ide\modules\ext\jaxb\api\jsr173_1.0_api.jar" />
    <property name="php.global.include.path" value="" />
    <property name="do.depend" value="false" />
    <property name="scala.class.path" value="" />
    <property name="libs.j2me_common_ant.classpath" value="C:\Program Files\NetBeans 8.0.1\mobility\modules\org-netbeans-modules-j2me-common-ant.jar;C:\Program Files\NetBeans 8.0.1\java\modules\org-netbeans-modules-classfile.jar" />
    <property name="dist.javadoc.dir" value="dist/javadoc" />
    <property name="libs.spring-webmvc3.0.classpath" value="C:\Program Files\NetBeans 8.0.1\java\modules\ext\spring-3.0\spring-webmvc-3.2.7.RELEASE.jar" />
    <property name="libs.swing-layout.classpath" value="C:\Program Files\NetBeans 8.0.1\platform\modules\ext\swing-layout-1.0.4.jar" />
    <property name="libs.javaee-web-api-7.0.maven-pom" value="" />
    <property name="libs.restlib.src" value="" />
    <property name="build.generated.dir" value="build/generated" />
    <property name="javac.source" value="1.8" />
    <property name="line.separator" value="&#xd;&#xa;" />
    <property name="java.specification.version" value="1.8" />
    <property name="java.vm.info" value="mixed mode" />
    <property name="libs.jaxws21.maven-pom" value="" />
    <property name="libs.cdc-ant-utils.javadoc" value="" />
    <property name="nb.junit.batch" value="true" />
    <property name="junit.forkmode" value="perTest" />
    <property name="libs.ojec-ant-utils.classpath" value="C:\Users\Dani\AppData\Roaming\NetBeans\8.0.1\modules\ext\org-netbeans-modules-j2me-cdc-project-ojec.jar" />
    <property name="sun.boot.class.path" value="C:\Program Files\Java\jdk1.8.0_05\jre\lib\resources.jar;C:\Program Files\Java\jdk1.8.0_05\jre\lib\rt.jar;C:\Program Files\Java\jdk1.8.0_05\jre\lib\sunrsasign.jar;C:\Program Files\Java\jdk1.8.0_05\jre\lib\jsse.jar;C:\Program Files\Java\jdk1.8.0_05\jre\lib\jce.jar;C:\Program Files\Java\jdk1.8.0_05\jre\lib\charsets.jar;C:\Program Files\Java\jdk1.8.0_05\jre\lib\jfr.jar;C:\Program Files\Java\jdk1.8.0_05\jre\classes" />
    <property name="ant.file.type.Ejercicio2-impl" value="file" />
    <property name="javac.target" value="1.8" />
    <property name="built-jar.properties" value="C:\Users\Dani\Documents\Escuela\7to. Semestre\Dise単o de Software de Bajo Nivel\Ejercicio2\build\built-jar.properties" />
    <property name="build.test.classes.dir" value="build/test/classes" />
    <property name="src.dir" value="src" />
    <property name="sun.awt.keepWorkingSetOnMinimize" value="true" />
    <property name="libs.jpa2-persistence.src" value="" />
    <property name="annotation.processing.enabled" value="true" />
    <property name="swing.appname.parameter" value="-Dapp.name" />
    <property name="libs.jsf20.src" value="" />
    <property name="libs.jpa20-persistence.src" value="" />
    <property name="libs.jsf12.src" value="" />
    <property name="libs.DataBindingME-SVG.maven-pom" value="" />
    <property name="libs.savaje-ant-utils.javadoc" value="" />
    <property name="ant.file.Ejercicio2" value="C:\Users\Dani\Documents\Escuela\7to. Semestre\Dise単o de Software de Bajo Nivel\Ejercicio2\build.xml" />
    <property name="libs.struts.javadoc" value="C:\Program Files\NetBeans 8.0.1\enterprise\docs\struts-1.3.10-javadoc.zip" />
    <property name="ignore.failing.tests" value="true" />
    <property name="libs.cdc-ant-utils.maven-pom" value="" />
    <property name="libs.javaee-web-api-7.0.src" value="" />
    <property name="libs.primefaces.src" value="" />
    <property name="libs.cdc-agui-swing-layout.classpath" value="C:\Users\Dani\AppData\Roaming\NetBeans\8.0.1\modules\ext\cdc-agui-swing-layout.jar" />
    <property name="dist.dir" value="dist" />
    <property name="libs.groovy-all.javadoc" value="" />
    <property name="testng.debug.mode" value="" />
    <property name="libs.groovy-all.classpath" value="C:\Program Files\NetBeans 8.0.1\groovy\modules\ext\groovy-all.jar" />
    <property name="javac.fork" value="false" />
    <property name="libs.sjmc-ant-utils.classpath" value="C:\Users\Dani\AppData\Roaming\NetBeans\8.0.1\modules\ext\org-netbeans-modules-j2me-cdc-project-sjmc.jar" />
    <property name="libs.JMUnit4CLDC10.classpath" value="C:\Users\Dani\AppData\Roaming\NetBeans\8.0.1\modules\ext\jmunit4cldc10-1.2.1.jar" />
    <property name="java.awt.printerjob" value="sun.awt.windows.WPrinterJob" />
    <property name="default.javac.source" value="1.8" />
    <property name="window_id" value="Java_ME_SDK_DeviceManager" />
    <property name="debug-transport-by-os" value="dt_shmem" />
    <property name="sun.jnu.encoding" value="Cp1252" />
    <property name="libs.MySQLDriver.src" value="" />
    <property name="libs.ant-contrib.maven-pom" value="" />
    <property name="java.runtime.version" value="1.8.0_05-b13" />
    <property name="build.test.results.dir" value="build/test/results" />
    <property name="libs.sjmc-ant-utils.javadoc" value="" />
    <property name="default.javac.target" value="1.8" />
    <property name="libs.junit_4.classpath" value="C:\Program Files\NetBeans 8.0.1\platform\modules\ext\junit-4.10.jar" />
    <property name="user.timezone" value="Europe/London" />
    <property name="nb.junit.single" value="false" />
    <property name="libs.ant-contrib.src" value="" />
    <property name="libs.javaee-endorsed-api-6.0.maven-pom" value="" />
    <property name="netbeans.dirs" value="C:\Program Files\NetBeans 8.0.1\nb;C:\Program Files\NetBeans 8.0.1\ergonomics;C:\Program Files\NetBeans 8.0.1\ide;C:\Program Files\NetBeans 8.0.1\extide;C:\Program Files\NetBeans 8.0.1\java;C:\Program Files\NetBeans 8.0.1\apisupport;C:\Program Files\NetBeans 8.0.1\webcommon;C:\Program Files\NetBeans 8.0.1\websvccommon;C:\Program Files\NetBeans 8.0.1\enterprise;C:\Program Files\NetBeans 8.0.1\mobility;C:\Program Files\NetBeans 8.0.1\profiler;C:\Program Files\NetBeans 8.0.1\python;C:\Program Files\NetBeans 8.0.1\php;C:\Program Files\NetBeans 8.0.1\identity;C:\Program Files\NetBeans 8.0.1\harness;C:\Program Files\NetBeans 8.0.1\cnd;C:\Program Files\NetBeans 8.0.1\dlight;C:\Program Files\NetBeans 8.0.1\groovy;C:\Program Files\NetBeans 8.0.1\extra;C:\Program Files\NetBeans 8.0.1\javacard;C:\Program Files\NetBeans 8.0.1\javafx" />
    <property name="libs.jstl.javadoc" value="C:\Program Files\NetBeans 8.0.1\enterprise\docs\javaee-doc-api.jar" />
    <property name="libs.jsf20.javadoc" value="C:\Program Files\NetBeans 8.0.1\enterprise\docs\javaee-doc-api.jar" />
    <property name="java.ext.dirs" value="C:\Program Files\Java\jdk1.8.0_05\jre\lib\ext;C:\WINDOWS\Sun\Java\lib\ext" />
    <property name="libs.metro.src" value="" />
    <property name="libs.savaje-ant-utils.maven-pom" value="" />
    <property name="libs.semc-ant-utils.src" value="" />
    <property name="libs.absolutelayout.classpath" value="C:\Program Files\NetBeans 8.0.1\java\modules\ext\AbsoluteLayout.jar" />
    <property name="excludes" value="" />
    <property name="jsr120.mms.recommended.size" value="307200" />
    <property name="libs.metro.classpath" value="C:\Program Files\NetBeans 8.0.1\ide\modules\ext\jaxb\activation.jar;C:\Program Files\NetBeans 8.0.1\enterprise\modules\ext\metro\webservices-api.jar;C:\Program Files\NetBeans 8.0.1\enterprise\modules\ext\metro\webservices-extra-api.jar;C:\Program Files\NetBeans 8.0.1\enterprise\modules\ext\metro\webservices-extra.jar;C:\Program Files\NetBeans 8.0.1\enterprise\modules\ext\metro\webservices-rt.jar;C:\Program Files\NetBeans 8.0.1\enterprise\modules\ext\metro\webservices-tools.jar" />
    <property name="libs.restlib.maven-pom" value="" />
    <property name="libs.jpa2-persistence.javadoc" value="C:\Program Files\NetBeans 8.0.1\java\modules\ext\docs\javax.persistence-2.1.0-doc.zip" />
    <property name="libs.DataBindingME.javadoc" value="C:\Program Files\NetBeans 8.0.1\mobility\modules\docs\netbeans_databindingme-api.zip" />
    <property name="java.class.path" value="C:\Users\Dani\Documents\Escuela\7to. Semestre\Dise単o de Software de Bajo Nivel\Ejercicio2\build\classes;C:\Program Files\NetBeans 8.0.1\platform\modules\ext\junit-4.10.jar;C:\Users\Dani\Documents\Escuela\7to. Semestre\Dise単o de Software de Bajo Nivel\Ejercicio2\build\test\classes;C:\Users\Dani\AppData\Roaming\NetBeans\8.0.1\ant\lib\ant-launcher.jar;C:\Users\Dani\AppData\Roaming\NetBeans\8.0.1\ant\lib\ant.jar;C:\Users\Dani\AppData\Roaming\NetBeans\8.0.1\ant\lib\ant-junit.jar;C:\Users\Dani\AppData\Roaming\NetBeans\8.0.1\ant\lib\ant-junit4.jar" />
    <property name="apple.laf.useScreenMenuBar" value="true" />
    <property name="do.mkdist" value="true" />
    <property name="libs.absolutelayout.src" value="" />
    <property name="libs.jpa20-persistence.classpath" value="C:\Program Files\NetBeans 8.0.1\java\modules\ext\eclipselink\javax.persistence_2.1.0.v201304241213.jar" />
    <property name="supports.rotation" value="false" />
    <property name="libs.cdc-pp-awt-layout.maven-pom" value="" />
    <property name="os.version" value="6.3" />
    <property name="application.args" value="" />
    <property name="libs.EclipseLink-GlassFish-v3.javadoc" value="C:\Program Files\NetBeans 8.0.1\enterprise\docs\javaee-doc-api.jar" />
    <property name="libs.javaee-api-7.0.maven-pom" value="" />
    <property name="libs.JMUnit4CLDC11.maven-pom" value="" />
    <property name="main.class.available" value="true" />
    <property name="sun.awt.enableExtraMouseButtons" value="true" />
    <property name="sun.desktop" value="windows" />
    <property name="libs.hibernate4-persistence.src" value="" />
    <property name="emulator.arguments" value="" />
    <property name="libs.hibernate4-support.maven-pom" value="" />
    <property name="libs.restlib.javadoc" value="" />
    <property name="nb.internal.action.name" value="test" />
    <property name="libs.JAXB-ENDORSED.classpath" value="C:\Program Files\NetBeans 8.0.1\ide\modules\ext\jaxb\api\jaxb-api.jar" />
    <property name="libs.eclipselink.classpath" value="C:\Program Files\NetBeans 8.0.1\java\modules\ext\eclipselink\eclipselink.jar;C:\Program Files\NetBeans 8.0.1\java\modules\ext\eclipselink\javax.persistence_2.1.0.v201304241213.jar;C:\Program Files\NetBeans 8.0.1\java\modules\ext\eclipselink\org.eclipse.persistence.jpa.jpql_2.5.2.v20140319-9ad6abd.jar" />
    <property name="libs.javaee-api-7.0.javadoc" value="C:\Program Files\NetBeans 8.0.1\enterprise\docs\javaee-doc-api.jar" />
    <property name="java.awt.graphicsenv" value="sun.awt.Win32GraphicsEnvironment" />
    <property name="libs.beans-binding.javadoc" value="C:\Program Files\NetBeans 8.0.1\java\docs\beansbinding-1.2.1-doc.zip" />
    <property name="java.vm.vendor" value="Oracle Corporation" />
    <property name="libs.CopyLibs.classpath" value="C:\Program Files\NetBeans 8.0.1\java\ant\extra\org-netbeans-modules-java-j2seproject-copylibstask.jar" />
    <property name="toolkits.dir" value="javame-sdk" />
    <property name="libs.spring-framework300.classpath" value="C:\Program Files\NetBeans 8.0.1\ide\modules\org-apache-commons-logging.jar;C:\Program Files\NetBeans 8.0.1\java\modules\ext\cglib-2.2.jar;C:\Program Files\NetBeans 8.0.1\java\modules\ext\spring-3.0\spring-aop-3.2.7.RELEASE.jar;C:\Program Files\NetBeans 8.0.1\java\modules\ext\spring-3.0\spring-aspects-3.2.7.RELEASE.jar;C:\Program Files\NetBeans 8.0.1\java\modules\ext\spring-3.0\spring-beans-3.2.7.RELEASE.jar;C:\Program Files\NetBeans 8.0.1\java\modules\ext\spring-3.0\spring-build-src-3.2.7.RELEASE.jar;C:\Program Files\NetBeans 8.0.1\java\modules\ext\spring-3.0\spring-context-3.2.7.RELEASE.jar;C:\Program Files\NetBeans 8.0.1\java\modules\ext\spring-3.0\spring-context-support-3.2.7.RELEASE.jar;C:\Program Files\NetBeans 8.0.1\java\modules\ext\spring-3.0\spring-core-3.2.7.RELEASE.jar;C:\Program Files\NetBeans 8.0.1\java\modules\ext\spring-3.0\spring-expression-3.2.7.RELEASE.jar;C:\Program Files\NetBeans 8.0.1\java\modules\ext\spring-3.0\spring-framework-bom-3.2.7.RELEASE.jar;C:\Program Files\NetBeans 8.0.1\java\modules\ext\spring-3.0\spring-instrument-3.2.7.RELEASE.jar;C:\Program Files\NetBeans 8.0.1\java\modules\ext\spring-3.0\spring-instrument-tomcat-3.2.7.RELEASE.jar;C:\Program Files\NetBeans 8.0.1\java\modules\ext\spring-3.0\spring-jdbc-3.2.7.RELEASE.jar;C:\Program Files\NetBeans 8.0.1\java\modules\ext\spring-3.0\spring-jms-3.2.7.RELEASE.jar;C:\Program Files\NetBeans 8.0.1\java\modules\ext\spring-3.0\spring-orm-3.2.7.RELEASE.jar;C:\Program Files\NetBeans 8.0.1\java\modules\ext\spring-3.0\spring-oxm-3.2.7.RELEASE.jar;C:\Program Files\NetBeans 8.0.1\java\modules\ext\spring-3.0\spring-struts-3.2.7.RELEASE.jar;C:\Program Files\NetBeans 8.0.1\java\modules\ext\spring-3.0\spring-test-3.2.7.RELEASE.jar;C:\Program Files\NetBeans 8.0.1\java\modules\ext\spring-3.0\spring-tx-3.2.7.RELEASE.jar;C:\Program Files\NetBeans 8.0.1\java\modules\ext\spring-3.0\spring-web-3.2.7.RELEASE.jar;C:\Program Files\NetBeans 8.0.1\java\modules\ext\spring-3.0\spring-webmvc-3.2.7.RELEASE.jar;C:\Program Files\NetBeans 8.0.1\java\modules\ext\spring-3.0\spring-webmvc-portlet-3.2.7.RELEASE.jar" />
    <property name="libs.jsp-compiler.maven-pom" value="" />
    <property name="run.jvmargs" value="" />
    <property name="libs.hibernate4-persistence.classpath" value="C:\Program Files\NetBeans 8.0.1\java\modules\ext\hibernate4\antlr-2.7.7.jar;C:\Program Files\NetBeans 8.0.1\java\modules\ext\hibernate4\c3p0-0.9.2.1.jar;C:\Program Files\NetBeans 8.0.1\java\modules\ext\hibernate4\hibernate-c3p0-4.3.1.Final.jar;C:\Program Files\NetBeans 8.0.1\java\modules\ext\hibernate4\mchange-commons-java-0.2.3.4.jar;C:\Program Files\NetBeans 8.0.1\java\modules\ext\hibernate4\dom4j-1.6.1.jar;C:\Program Files\NetBeans 8.0.1\java\modules\ext\hibernate4\ehcache-core-2.4.3.jar;C:\Program Files\NetBeans 8.0.1\java\modules\ext\hibernate4\hibernate-ehcache-4.3.1.Final.jar;C:\Program Files\NetBeans 8.0.1\java\modules\ext\hibernate4\hibernate-core-4.3.1.Final.jar;C:\Program Files\NetBeans 8.0.1\java\modules\ext\hibernate4\jboss-logging-3.1.3.GA.jar;C:\Program Files\NetBeans 8.0.1\java\modules\ext\hibernate4\hibernate-commons-annotations-4.0.4.Final.jar;C:\Program Files\NetBeans 8.0.1\java\modules\ext\hibernate4\hibernate-entitymanager-4.3.1.Final.jar;C:\Program Files\NetBeans 8.0.1\java\modules\ext\hibernate4\javassist-3.18.1-GA.jar;C:\Program Files\NetBeans 8.0.1\java\modules\ext\hibernate4\jboss-transaction-api_1.2_spec-1.0.0.Final.jar;C:\Program Files\NetBeans 8.0.1\java\modules\ext\hibernate4\slf4j-api-1.6.1.jar;C:\Program Files\NetBeans 8.0.1\java\modules\ext\hibernate4\slf4j-simple-1.6.1.jar;C:\Program Files\NetBeans 8.0.1\java\modules\ext\hibernate4\hibernate-jpa-2.1-api-1.0.0.Final.jar" />
    <property name="platforms.Oracle_Java_TM__Platform_Micro_Edition_SDK_8_1.home" value="C:\Java_ME_platform_SDK_8.1" />
    <property name="dist.archive.excludes" value="" />
    <property name="libs.JAXB-ENDORSED.src" value="" />
    <property name="libs.DataBindingME-PIM.src" value="C:\Program Files\NetBeans 8.0.1\mobility\sources\netbeans_databindingme_pim-src.zip" />
    <property name="libs.testng.javadoc" value="C:\Program Files\NetBeans 8.0.1\platform\docs\testng-6.8.1-javadoc.zip" />
    <property name="libs.PostgreSQLDriver.classpath" value="C:\Program Files\NetBeans 8.0.1\ide\modules\ext\postgresql-9.2-1002.jdbc4.jar" />
    <property name="user.script" value="" />
    <property name="libs.jsf12.maven-pom" value="" />
    <property name="libs.hibernate4-persistencemodelgen.classpath" value="C:\Program Files\NetBeans 8.0.1\java\modules\ext\hibernate4\hibernate-jpamodelgen-4.3.1.Final.jar" />
    <property name="libs.junit.src" value="" />
    <property name="annotation.processing.source.output" value="build/generated-sources/ap-source-output" />
    <property name="main.class" value="mx.uach.ingenieria.ejercicio2.modelos.Deportista" />
    <property name="libs.CopyLibs.src" value="" />
    <property name="build.dir" value="build" />
    <property name="libs.jsp-compilation.classpath" value="C:\Users\Dani\AppData\Roaming\NetBeans\8.0.1\ant\lib\ant.jar;C:\Program Files\NetBeans 8.0.1\enterprise\modules\ext\servlet3.1-jsp2.3-api.jar;C:\Program Files\NetBeans 8.0.1\enterprise\modules\ext\glassfish-jspparser-4.0.jar;C:\Program Files\NetBeans 8.0.1\enterprise\modules\ext\jsf-2_2\javax.faces.jar;C:\Program Files\NetBeans 8.0.1\enterprise\modules\ext\jstl-api.jar;C:\Users\Dani\AppData\Roaming\NetBeans\8.0.1\ant\lib\ant-launcher.jar" />
    <property name="device-manager.object-registry.port" value="1299" />
    <property name="ant.version" value="Apache Ant(TM) version 1.9.4 compiled on April 29 2014" />
    <property name="file.encoding" value="Cp1252" />
    <property name="build.classes.excludes" value="**/*.java,**/*.form" />
    <property name="jdkBug6558476" value="false" />
    <property name="javadoc.nonavbar" value="false" />
    <property name="libs.spring-webmvc4.0.classpath" value="C:\Program Files\NetBeans 8.0.1\java\modules\ext\spring-4\spring-webmvc-4.0.1.RELEASE.jar" />
    <property name="platform.active" value="default_platform" />
    <property name="awt.toolkit" value="sun.awt.windows.WToolkit" />
    <property name="libs.javaee-web-api-7.0.javadoc" value="C:\Program Files\NetBeans 8.0.1\enterprise\docs\javaee-doc-api.jar" />
  </properties>
  <testcase classname="mx.uach.ingenieria.ejercicio2.unit.FutbolUnitTest" name="instanciasTest" time="0.003" />
  <system-out><![CDATA[true
]]></system-out>
  <system-err><![CDATA[]]></system-err>
</testsuite>
